{"measuredt":"20180525153500.010648","controller":"Arduino","sensor":"MPU","uptime":166047,"gyx":-0.007634,"gyy":-0.007634,"gyz":-0.007634,"acx":70,"acy":12,"acz":96}
{"measuredt":"20180525153500.026647","controller":"Arduino","sensor":"SOUND","uptime":166052,"decb":276}
{"measuredt":"20180525153500.034690","controller":"Arduino","sensor":"DHT","uptime":166055,"temp":11,"humi":25}
{"measuredt":"20180525153500.042688","controller":"Arduino","sensor":"MPU","uptime":166059,"gyx":-0.007634,"gyy":-0.007634,"gyz":-0.007634,"acx":55,"acy":64,"acz":54}
{"measuredt":"20180525153500.052686","controller":"Arduino","sensor":"SOUND","uptime":166064,"decb":277}
{"measuredt":"20180525153500.066679","controller":"Arduino","sensor":"DHT","uptime":166066,"temp":37,"humi":40}
{"measuredt":"20180525153500.074656","controller":"Arduino","sensor":"MPU","uptime":166070,"gyx":-0.007634,"gyy":-0.007634,"gyz":-0.007634,"acx":46,"acy":81,"acz":65}
{"measuredt":"20180525153500.084686","controller":"Arduino","sensor":"SOUND","uptime":166074,"decb":277}
{"measuredt":"20180525153500.092701","controller":"Arduino","sensor":"DHT","uptime":166077,"temp":34,"humi":31}
{"measuredt":"20180525153500.100674","controller":"Arduino","sensor":"MPU","uptime":166080,"gyx":-0.007634,"gyy":-0.007634,"gyz":-0.007634,"acx":15,"acy":76,"acz":52}
{"measuredt":"20180525153500.110688","controller":"Arduino","sensor":"SOUND","uptime":166085,"decb":277}
{"measuredt":"20180525153500.118675","controller":"Arduino","sensor":"DHT","uptime":166088,"temp":20,"humi":39}
{"measuredt":"20180525153500.126660","controller":"Arduino","sensor":"MPU","uptime":166091,"gyx":-0.007634,"gyy":-0.007634,"gyz":-0.007634,"acx":19,"acy":78,"acz":89}
{"measuredt":"20180525153500.136688","controller":"Arduino","sensor":"SOUND","uptime":166095,"decb":277}
{"measuredt":"20180525153500.145645","controller":"Arduino","sensor":"DHT","uptime":166098,"temp":21,"humi":34}
{"measuredt":"20180525153500.153688","controller":"Arduino","sensor":"MPU","uptime":166102,"gyx":-0.007634,"gyy":-0.007634,"gyz":-0.007634,"acx":93,"acy":34,"acz":54}
{"measuredt":"20180525153500.163649","controller":"Arduino","sensor":"SOUND","uptime":166107,"decb":277}
{"measuredt":"20180525153500.171689","controller":"Arduino","sensor":"DHT","uptime":166110,"temp":33,"humi":27}
{"measuredt":"20180525153500.181644","controller":"Arduino","sensor":"MPU","uptime":166113,"gyx":-0.007634,"gyy":-0.007634,"gyz":-0.007634,"acx":28,"acy":73,"acz":16}
{"measuredt":"20180525153500.190676","controller":"Arduino","sensor":"SOUND","uptime":166117,"decb":277}
{"measuredt":"20180525153500.199663","controller":"Arduino","sensor":"DHT","uptime":166120,"temp":10,"humi":42}
{"measuredt":"20180525153500.211644","controller":"Arduino","sensor":"MPU","uptime":166123,"gyx":-0.007634,"gyy":-0.007634,"gyz":-0.007634,"acx":24,"acy":38,"acz":23}
{"measuredt":"20180525153500.221689","controller":"Arduino","sensor":"SOUND","uptime":166128,"decb":277}
{"measuredt":"20180525153500.231650","controller":"Arduino","sensor":"DHT","uptime":166131,"temp":19,"humi":35}
{"measuredt":"20180525153500.241643","controller":"Arduino","sensor":"MPU","uptime":166134,"gyx":-0.007634,"gyy":-0.007634,"gyz":-0.007634,"acx":79,"acy":70,"acz":61}
{"measuredt":"20180525153500.253662","controller":"Arduino","sensor":"SOUND","uptime":166138,"decb":277}
{"measuredt":"20180525153500.267688","controller":"Arduino","sensor":"DHT","uptime":166141,"temp":38,"humi":12}
{"measuredt":"20180525153500.277645","controller":"Arduino","sensor":"MPU","uptime":166145,"gyx":-0.007634,"gyy":-0.007634,"gyz":-0.007634,"acx":57,"acy":34,"acz":57}
{"measuredt":"20180525153500.293658",controller":"Arduino","sensor":"SOUND","uptime":166150,"decb":277}
{"measuredt":"20180525153500.303656","controller":"Arduino","sensor":"DHT","uptime":166153,"temp":21,"humi":17}
{"measuredt":"20180525153500.317639","controller":"Arduino","sensor":"MPU","uptime":166156,"gyx":-0.007634,"gyy":-0.007634,"gyz":-0.007634,"acx":22,"acy":11,"acz":26}
{"measuredt":"20180525153500.337642","controller":"Arduino","sensor":"SOUND","uptime":166160,"decb":277}
{"measuredt":"20180525153500.349645","controller":"Arduino","sensor":"DHT","uptime":166163,"temp":23,"humi":17}
{"measuredt":"20180525153500.360641","controller":"Arduino","sensor":"MPU","uptime":166166,"gyx":-0.007634,"gyy":-0.007634,"gyz":-0.007634,"acx":65,"acy":76,"acz":83}
{"measuredt":"20180525153500.388644","controller":"Arduino","sensor":"SOUND","uptime":166171,"decb":277}
{"measuredt":"20180525153500.416641","controller":"Arduino","sensor":"DHT","uptime":166174,"temp":37,"humi":42}
{"measuredt":"20180525153500.437656","controller":"Arduino","sensor":"MPU","uptime":166177,"gyx":-0.007634,"gyy":-0.007634,"gyz":-0.007634,"acx":57,"acy":85,"acz":37}
{"measuredt":"20180525153500.455639","controller":"Arduino","sensor":"SOUND","uptime":166182,"decb":277}
{"measuredt":"20180525153500.472638","controller":"Arduino","sensor":"DHT","uptime":166184,"temp":12,"humi":11}
{"measuredt":"20180525153500.489641","controller":"Arduino","sensor":"MPU","uptime":166188,"gyx":-0.007634,"gyy":-0.007634,"gyz":-0.007634,"acx":10,"acy":54,"acz":90}
{"measuredt":"20180525153500.513642","controller":"Arduino","sensor":"SOUND","uptime":166193,"decb":277}
{"measuredt":"20180525153500.541641","controller":"Arduino","sensor":"DHT","uptime":166196,"temp":34,"humi":17}
{"measuredt":"20180525153500.566642","controller":"Arduino","sensor":"MPU","uptime":166199,"gyx":-0.007634,"gyy":-0.007634,"gyz":-0.007634,"acx":45,"acy":96,"acz":94}
{"measuredt":"20180525153500.588638","controller":"Arduino","sensor":"SOUND","uptime":166204,"decb":277}
{"measuredt":"20180525153500.599655","controller":"Arduino","sensor":"DHT","uptime":166206,"temp":13,"humi":21}
{"measuredt":"20180525153500.607638","controller":"Arduino","sensor":"MPU","uptime":166210,"gyx":-0.007634,"gyy":-0.007634,"gyz":-0.007634,"acx":33,"acy":57,"acz":63}
{"measuredt":"20180525153500.622654","controller":"Arduino","sensor":"SOUND","uptime":166214,"decb":277}
{"measuredt":"20180525153500.636653","controller":"Arduino","sensor":"DHT","uptime":166217,"temp":16,"humi":59}
{"measuredt":"20180525153500.649642","controller":"Arduino","sensor":"MPU","uptime":166220,"gyx":-0.007634,"gyy":-0.007634,"gyz":-0.007634,"acx":76,"acy":25,"acz":68}
{"measuredt":"20180525153500.661662","controller":"Arduino","sensor":"SOUND","uptime":166225,"decb":277}
{"measuredt":"20180525153500.672656","controller":"Arduino","sensor":"DHT","uptime":166228,"temp":29,"humi":12}
{"measuredt":"20180525153500.691655","controller":"Arduino","sensor":"MPU","uptime":166232,"gyx":-0.007634,"gyy":-0.007634,"gyz":-0.007634,"acx":70,"acy":15,"acz":6}
{"measuredt":"20180525153500.706643","controller":"Arduino","sensor":"SOUND","uptime":166236,"decb":276}
{"measuredt":"20180525153500.720637","controller":"Arduino","sensor":"DHT","uptime":166239,"temp":29,"humi":47}
{"measuredt":"20180525153500.733637","controller":"Arduino","sensor":"MPU","uptime":166242,"gyx":-0.007634,"gyy":-0.007634,"gyz":-0.007634,"acx":18,"acy":9,"acz":59}
{"measuredt":"20180525153500.744648","controller":"Arduino","sensor":"SOUND","uptime":166247,"decb":277}
{"measuredt":"20180525153500.758637","controller":"Arduino","sensor":"DHT","uptime":166249,"temp":35,"humi":28}
{"measuredt":"20180525153500.775638","controller":"Arduino","sensor":"MPU","uptime":166253,"gyx":-0.007634,"gyy":-0.007634,"gyz":-0.007634,"acx":89,"acy":35,"acz":17}
{"measuredt":"20180525153500.789638","controller":"Arduino","sensor":"SOUND","uptime":166257,"decb":277}
{"measuredt":"20180525153500.805654","controller":"Arduino","sensor":"DHT","uptime":166260,"temp":31,"humi":34}
{"measuredt":"20180525153500.817655","controller":"Arduino","sensor":"MPU","uptime":166263,"gyx":-0.007634,"gyy":-0.007634,"gyz":-0.007634,"acx":45,"acy":37,"acz":19}
{"measuredt":"20180525153500.830642","controller":"Arduino","sensor":"SOUND","uptime":166268,"decb":277}
{"measuredt":"20180525153500.838638","controller":"Arduino","sensor":"DHT","uptime":166272,"temp":12,"humi":10}
{"measuredt":"20180525153500.850638","controller":"Arduino","sensor":"MPU","uptime":166275,"gyx":-0.007634,"gyy":-0.007634,"gyz":-0.007634,"acx":22,"acy":0,"acz":28}
{"measuredt":"20180525153500.861639","controller":"Arduino","sensor":"SOUND","uptime":166279,"decb":277}
{"measuredt":"20180525153500.871655","controller":"Arduino","sensor":"DHT","uptime":166282,"temp":16,"humi":52}
{"measuredt":"20180525153500.885655","controller":"Arduino","sensor":"MPU","uptime":166285,"gyx":-0.007634,"gyy":-0.007634,"gyz":-0.007634,"acx":4,"acy":83,"acz":20}
{"measuredt":"20180525153500.898643","controller":"Arduino","sensor":"SOUND","uptime":166290,"decb":276}
{"measuredt":"20180525153500.908638","controller":"Arduino","sensor":"DHT","uptime":166292,"temp":28,"humi":30}
{"measuredt":"20180525153500.920654","controller":"Arduino","sensor":"MPU","uptime":166296,"gyx":-0.007634,"gyy":-0.007634,"gyz":-0.007634,"acx":17,"acy":1,"acz":65}
{"measuredt":"20180525153500.935653","controller":"Arduino","sensor":"SOUND","uptime":166300,"decb":276}
{"measuredt":"20180525153500.944641","controller":"Arduino","sensor":"DHT","uptime":166574,"temp":36,"humi":20}
{"measuredt":"20180525153500.956638","controller":"Arduino","sensor":"MPU","uptime":166577,"gyx":-0.007634,"gyy":-0.007634,"gyz":-0.007634,"acx":6,"acy":77,"acz":16}
{"measuredt":"20180525153500.968654","controller":"Arduino","sensor":"SOUND","uptime":166581,"decb":288}
{"measuredt":"20180525153500.976641","controller":"Arduino","sensor":"DHT","uptime":166584,"temp":36,"humi":31}
{"measuredt":"20180525153500.986654","controller":"Arduino","sensor":"MPU","uptime":166587,"gyx":-0.007634,"gyy":-0.007634,"gyz":-0.007634,"acx":76,"acy":45,"acz":58}
{"measuredt":"20180525153500.998655","controller":"Arduino","sensor":"SOUND","uptime":166592,"decb":287}
{"measuredt":"20180525153501.006641","controller":"Arduino","sensor":"DHT","uptime":166595,"temp":30,"humi":45}
{"measuredt":"20180525153501.017639","controller":"Arduino","sensor":"MPU","uptime":166598,"gyx":-0.007634,"gyy":-0.007634,"gyz":-0.007634,"acx":53,"acy":74,"acz":99}
{"measuredt":"20180525153501.031654","controller":"Arduino","sensor":"SOUND","uptime":166602,"decb":287}
{"measuredt":"20180525153501.040654","controller":"Arduino","sensor":"DHT","uptime":166605,"temp":17,"humi":18}
{"measuredt":"20180525153501.072643","controller":"Arduino","sensor":"MPU","uptime":166608,"gyx":-0.007634,"gyy":-0.007634,"gyz":-0.007634,"acx":90,"acy":42,"acz":3}
{"measuredt":"20180525153501.095642","controller":"Arduino","sensor":"SOUND","uptime":166614,"decb":287}
{"measuredt":"20180525153501.105655","controller":"Arduino","sensor":"DHT","uptime":166617,"temp":37,"humi":16}
{"measuredt":"20180525153501.118641","controller":"Arduino","sensor":"MPU","uptime":166620,"gyx":-0.007634,"gyy":-0.007634,"gyz":-0.007634,"acx":7,"acy":62,"acz":80}
{"measuredt":"20180525153501.130642","controller":"Arduino","sensor":"SOUND","uptime":166624,"decb":287}
{"measuredt":"20180525153501.142655","controller":"Arduino","sensor":"DHT","uptime":166627,"temp":29,"humi":15}
{"measuredt":"20180525153501.156655","controller":"Arduino","sensor":"MPU","uptime":166630,"gyx":-0.007634,"gyy":-0.007634,"gyz":-0.007634,"acx":65,"acy":10,"acz":61}
{"measuredt":"20180525153501.170654","controller":"Arduino","sensor":"SOUND","uptime":166635,"decb":287}
{"measuredt":"20180525153501.181640","controller":"Arduino","sensor":"DHT","uptime":166638,"temp":35,"humi":36}
{"measuredt":"20180525153501.190638","controller":"Arduino","sensor":"MPU","uptime":166641,"gyx":-0.007634,"gyy":-0.007634,"gyz":-0.007634,"acx":79,"acy":78,"acz":1}
{"measuredt":"20180525153501.200641","controller":"Arduino","sensor":"SOUND","uptime":166645,"decb":287}
{"measuredt":"20180525153501.210655","controller":"Arduino","sensor":"DHT","uptime":166648,"temp":33,"humi":11}
{"measuredt":"20180525153501.219656","controller":"Arduino","sensor":"MPU","uptime":166651,"gyx":-0.007634,"gyy":-0.007634,"gyz":-0.007634,"acx":54,"acy":91,"acz":1}
{"measuredt":"20180525153501.229654","controller":"Arduino","sensor":"SOUND","uptime":166657,"decb":287}
{"measuredt":"20180525153501.238655","controller":"Arduino","sensor":"DHT","uptime":166660,"temp":11,"humi":59}
{"measuredt":"20180525153501.248652","controller":"Arduino","sensor":"MPU","uptime":166663,"gyx":-0.007634,"gyy":-0.007634,"gyz":-0.007634,"acx":72,"acy":94,"acz":94}
{"measuredt":"20180525153501.260653","controller":"Arduino","sensor":"SOUND","uptime":166667,"decb":287}
{"measuredt":"20180525153501.269654","controller":"Arduino","sensor":"DHT","uptime":166670,"temp":26,"humi":26}
{"measuredt":"20180525153501.278637","controller":"Arduino","sensor":"MPU","uptime":166673,"gyx":-0.007634,"gyy":-0.007634,"gyz":-0.007634,"acx":12,"acy":42,"acz":83}
{"measuredt":"20180525153501.288653","controller":"Arduino","sensor":"SOUND","uptime":166678,"decb":287}
{"measuredt":"20180525153501.297638","controller":"Arduino","sensor":"DHT","uptime":166681,"temp":17,"humi":34}
{"measuredt":"20180525153501.307652","controller":"Arduino","sensor":"MPU","uptime":166684,"gyx":-0.007634,"gyy":-0.007634,"gyz":-0.007634,"acx":7,"acy":97,"acz":7}
{"measuredt":"20180525153501.317653","controller":"Arduino","sensor":"SOUND","uptime":166688,"decb":287}
{"measuredt":"20180525153501.326639","controller":"Arduino","sensor":"DHT","uptime":166691,"temp":10,"humi":32}
{"measuredt":"20180525153501.341638","controller":"Arduino","sensor":"MPU","uptime":166694,"gyx":-0.007634,"gyy":-0.007634,"gyz":-0.007634,"acx":78,"acy":18,"acz":72}
{"measuredt":"20180525153501.359642","controller":"Arduino","sensor":"SOUND","uptime":166700,"decb":286}
{"measuredt":"20180525153501.374653","controller":"Arduino","sensor":"DHT","uptime":166703,"temp":32,"humi":41}
{"measuredt":"20180525153501.388639","controller":"Arduino","sensor":"MPU","uptime":166706,"gyx":-0.007634,"gyy":-0.007634,"gyz":-0.007634,"acx":33,"acy":31,"acz":9}
{"measuredt":"20180525153501.417642","controller":"Arduino","sensor":"SOUND","uptime":166710,"decb":286}
{"measuredt":"20180525153501.426642","controller":"Arduino","sensor":"DHT","uptime":166713,"temp":30,"humi":11}
{"measuredt":"20180525153501.441644","controller":"Arduino","sensor":"MPU","uptime":166716,"gyx":-0.007634,"gyy":-0.007634,"gyz":-0.007634,"acx":86,"acy":64,"acz":14}
{"measuredt":"20180525153501.459640","controller":"Arduino","sensor":"SOUND","uptime":166721,"decb":286}
{"measuredt":"20180525153501.473641","controller":"Arduino","sensor":"DHT","uptime":166724,"temp":33,"humi":37}
{"measuredt":"20180525153501.498640","controller":"Arduino","sensor":"MPU","uptime":166727,"gyx":-0.007634,"gyy":-0.007634,"gyz":-0.007634,"acx":35,"acy":80,"acz":8}
{"measuredt":"20180525153501.534653","controller":"Arduino","sensor":"SOUND","uptime":166731,"decb":285}
{"measuredt":"20180525153501.554641","controller":"Arduino","sensor":"DHT","uptime":166734,"temp":25,"humi":15}
{"measuredt":"20180525153501.570645","controller":"Arduino","sensor":"MPU","uptime":166737,"gyx":-0.007634,"gyy":-0.007634,"gyz":-0.007634,"acx":90,"acy":25,"acz":79}
{"measuredt":"20180525153501.586638","controller":"Arduino","sensor":"SOUND","uptime":166743,"decb":285}
{"measuredt":"20180525153501.607658","controller":"Arduino","sensor":"DHT","uptime":166746,"temp":39,"humi":39}
{"measuredt":"20180525153501.621654","controller":"Arduino","sensor":"MPU","uptime":166749,"gyx":-0.007634,"gyy":-0.007634,"gyz":-0.007634,"acx":89,"acy":19,"acz":4}
{"measuredt":"20180525153501.636640","controller":"Arduino","sensor":"SOUND","uptime":166753,"decb":285}
{"measuredt":"20180525153501.649640","controller":"Arduino","sensor":"DHT","uptime":166756,"temp":15,"humi":56}
{"measuredt":"20180525153501.658639","controller":"Arduino","sensor":"MPU","uptime":166759,"gyx":-0.007634,"gyy":-0.007634,"gyz":-0.007634,"acx":10,"acy":32,"acz":54}
{"measuredt":"20180525153501.675654","controller":"Arduino","sensor":"SOUND","uptime":166764,"decb":285}
{"measuredt":"20180525153501.687637","controller":"Arduino","sensor":"DHT","uptime":166767,"temp":10,"humi":49}
{"measuredt":"20180525153501.702654","controller":"Arduino","sensor":"MPU","uptime":166770,"gyx":-0.007634,"gyy":-0.007634,"gyz":-0.007634,"acx":96,"acy":16,"acz":91}
{"measuredt":"20180525153501.717642","controller":"Arduino","sensor":"SOUND","uptime":166774,"decb":285}
{"measuredt":"20180525153501.733654","controller":"Arduino","sensor":"DHT","uptime":166777,"temp":37,"humi":24}
{"measuredt":"20180525153501.742637","controller":"Arduino","sensor":"MPU","uptime":166780,"gyx":-0.007634,"gyy":-0.007634,"gyz":-0.007634,"acx":14,"acy":82,"acz":91}
{"measuredt":"20180525153501.766641","controller":"Arduino","sensor":"SOUND","uptime":166786,"decb":284}
{"measuredt":"20180525153501.782654","controller":"Arduino","sensor":"DHT","uptime":166789,"temp":11,"humi":59}
{"measuredt":"20180525153501.792655","controller":"Arduino","sensor":"MPU","uptime":166792,"gyx":-0.007634,"gyy":-0.007634,"gyz":-0.007634,"acx":93,"acy":12,"acz":20}
{"measuredt":"20180525153501.816637","controller":"Arduino","sensor":"SOUND","uptime":166796,"decb":285}
{"measuredt":"20180525153501.826643","controller":"Arduino","sensor":"DHT","uptime":166799,"temp":39,"humi":52}
{"measuredt":"20180525153501.839655","controller":"Arduino","sensor":"MPU","uptime":166802,"gyx":-0.007634,"gyy":-0.007634,"gyz":-0.007634,"acx":31,"acy":27,"acz":92}
{"measuredt":"20180525153501.852637","controller":"Arduino","sensor":"SOUND","uptime":166807,"decb":284}
{"measuredt":"20180525153501.865653","controller":"Arduino","sensor":"DHT","uptime":166810,"temp":32,"humi":36}
{"measuredt":"20180525153501.874638","controller":"Arduino","sensor":"MPU","uptime":166813,"gyx":-0.007634,"gyy":-0.007634,"gyz":-0.007634,"acx":45,"acy":16,"acz":30}
{"measuredt":"20180525153501.887654","controller":"Arduino","sensor":"SOUND","uptime":166817,"decb":284}
{"measuredt":"20180525153501.897655","controller":"Arduino","sensor":"DHT","uptime":166820,"temp":19,"humi":54}
{"measuredt":"20180525153501.906653","controller":"Arduino","sensor":"MPU","uptime":166823,"gyx":-0.007634,"gyy":-0.007634,"gyz":-0.007634,"acx":92,"acy":49,"acz":25}
{"measuredt":"20180525153501.917638","controller":"Arduino","sensor":"SOUND","uptime":166829,"decb":284}
{"measuredt":"20180525153501.926640","controller":"Arduino","sensor":"DHT","uptime":166832,"temp":14,"humi":40}
{"measuredt":"20180525153501.936654","controller":"Arduino","sensor":"MPU","uptime":166835,"gyx":-0.007634,"gyy":-0.007634,"gyz":-0.007634,"acx":40,"acy":95,"acz":7}
{"measuredt":"20180525153501.948653","controller":"Arduino","sensor":"SOUND","uptime":166839,"decb":284}
{"measuredt":"20180525153501.957654","controller":"Arduino","sensor":"DHT","uptime":166842,"temp":31,"humi":34}
{"measuredt":"20180525153501.968653","controller":"Arduino","sensor":"MPU","uptime":166845,"gyx":-0.007634,"gyy":-0.007634,"gyz":-0.007634,"acx":18,"acy":34,"acz":98}
{"measuredt":"20180525153501.980637","controller":"Arduino","sensor":"SOUND","uptime":166850,"decb":284}
{"measuredt":"20180525153501.989644","controller":"Arduino","sensor":"DHT","uptime":166853,"temp":31,"humi":30}
{"measuredt":"20180525153502.000637","controller":"Arduino","sensor":"MPU","uptime":166856,"gyx":-0.007634,"gyy":-0.007634,"gyz":-0.007634,"acx":3,"acy":92,"acz":61}
{"measuredt":"20180525153502.012645","controller":"Arduino","sensor":"SOUND","uptime":166860,"decb":284}
{"measuredt":"20180525153502.021653","controller":"Arduino","sensor":"DHT","uptime":166863,"temp":32,"humi":24}
{"measuredt":"20180525153502.032653","controller":"Arduino","sensor":"MPU","uptime":166866,"gyx":-0.007634,"gyy":-0.007634,"gyz":-0.007634,"acx":10,"acy":5,"acz":77}
{"measuredt":"20180525153502.042638","controller":"Arduino","sensor":"SOUND","uptime":166872,"decb":284}
{"measuredt":"20180525153502.052654","controller":"Arduino","sensor":"DHT","uptime":166875,"temp":33,"humi":33}
{"measuredt":"20180525153502.063641","controller":"Arduino","sensor":"MPU","uptime":166878,"gyx":-0.007634,"gyy":-0.007634,"gyz":-0.007634,"acx":4,"acy":76,"acz":82}
{"measuredt":"20180525153502.075653","controller":"Arduino","sensor":"SOUND","uptime":166882,"decb":283}
{"measuredt":"20180525153502.086652","controller":"Arduino","sensor":"DHT","uptime":166885,"temp":39,"humi":55}
{"measuredt":"20180525153502.098653","controller":"Arduino","sensor":"MPU","uptime":166888,"gyx":-0.007634,"gyy":-0.007634,"gyz":-0.007634,"acx":24,"acy":71,"acz":26}
{"measuredt":"20180525153502.108638","controller":"Arduino","sensor":"SOUND","uptime":166893,"decb":283}
{"measuredt":"20180525153502.118654","controller":"Arduino","sensor":"DHT","uptime":166896,"temp":20,"humi":13}
{"measuredt":"20180525153502.127640","controller":"Arduino","sensor":"MPU","uptime":166899,"gyx":-0.007634,"gyy":-0.007634,"gyz":-0.007634,"acx":38,"acy":31,"acz":7}
{"measuredt":"20180525153502.139655","controller":"Arduino","sensor":"SOUND","uptime":166903,"decb":283}
{"measuredt":"20180525153502.149637","controller":"Arduino","sensor":"DHT","uptime":166906,"emp":24,"humi":26}
{"measuredt":"20180525153502.158654","controller":"Arduino","sensor":"MPU","uptime":166909,"gyx":-0.007634,"gyy":-0.007634,"gyz":-0.007634,"acx":57,"acy":50,"acz":10}
{"measuredt":"20180525153502.175636","controller":"Arduino","sensor":"SOUND","uptime":166915,"decb":283}
{"measuredt":"20180525153502.187644","controller":"Arduino","sensor":"DHT","uptime":166918,"temp":29,"humi":10}
{"measuredt":"20180525153502.206656","controller":"Arduino","sensor":"MPU","uptime":166921,"gyx":-0.007634,"gyy":-0.007634,"gyz":-0.007634,"acx":1,"acy":65,"acz":86}
{"measuredt":"20180525153502.225654","controller":"Arduino","sensor":"SOUND","uptime":166925,"decb":283}
{"measuredt":"20180525153502.242638","controller":"Arduino","sensor":"DHT","uptime":166928,"temp":11,"humi":57}
{"measure:169489,"decb":281}
{"measuredt":"20180525153502.292645","controller":"Arduino","sensor":"DHT","uptime":169491,"temp":12,"humi":55}
{"measuredt":"20180525153502.314644","controller":"Arduino","sensor":"MPU","uptime":169494,"gyx":-0.007634,"gyy":-0.007634,"gyz":-0.007634,"acx":50,"acy":38,"acz":41}
{"measuredt":"20180525153502.349641","controller":"Arduino","sensor":"SOUND","uptime":169499,"decb":281}
{"measuredt":"20180525153502.374647","controller":"Arduino","sensor":"DHT","uptime":169502,"temp":19,"humi":59}
{"measuredt":"20180525153502.399641","controller":"Arduino","sensor":"MPU","uptime":169505,"gyx":-0.007634,"gyy":-0.007634,"gyz":-0.007634,"acx":30,"acy":31,"acz":18}
{"measuredt":"20180525153502.432640","controller":"Arduino","sensor":"SOUND","uptime":169510,"decb":281}
{"measuredt":"20180525153502.444642","controller":"Arduino","sensor":"DHT","uptime":169512,"temp":34,"humi":10}
{"measuredt":"20180525153502.472637","controller":"Arduino","sensor":"MPU","uptime":169517,"gyx":-0.007634,"gyy":-0.007634,"gyz":-0.007634,"acx":46,"acy":49,"acz":28}
{"measuredt":"20180525153502.500639","controller":"Arduino","sensor":"SOUND","uptime":169521,"decb":281}
{"measuredt":"20180525153502.525642","controller":"Arduino","sensor":"DHT","uptime":169524,"temp":20,"humi":26}
{"measuredt":"20180525153502.555637","controller":"Arduino","sensor":"MPU","uptime":169527,"gyx":-0.007634,"gyy":-0.007634,"gyz":-0.007634,"acx":74,"acy":16,"acz":31}
{"measuredt":"20180525153502.572638","controller":"Arduino","sensor":"SOUND","uptime":169532,"decb":281}
{"measuredt":"20180525153502.587639","controller":"Arduino","sensor":"DHT","uptime":169535,"temp":28,"humi":36}
{"measuredt":"20180525153502.600636","controller":"Arduino","sensor":"MPU","uptime":169538,"gyx":-0.007634,"gyy":-0.007634,"gyz":-0.007634,"acx":81,"acy":82,"acz":75}
{"measuredt":"20180525153502.617644","controller":"Arduino","sensor":"SOUND","uptime":169542,"decb":281}
{"measuredt":"20180525153502.632643","controller":"Arduino","sensor":"DHT","uptime":169545,"temp":35,"humi":26}
{"measuredt":"20180525153502.646636","controller":"Arduino","sensor":"MPU","uptime":169548,"gyx":-0.007634,"gyy":-0.007634,"gyz":-0.007634,"acx":84,"acy":16,"acz":77}
{"measuredt":"20180525153502.660639","controller":"Arduino","sensor":"SOUND","uptime":169553,"decb":281}
{"measuredt":"20180525153502.674637","controller":"Arduino","sensor":"DHT","uptime":169556,"temp":38,"humi":37}
{"measuredt":"20180525153502.698642","controller":"Arduino","sensor":"MPU","uptime":169560,"gyx":-0.007634,"gyy":-0.007634,"gyz":-0.007634,"acx":23,"acy":40,"acz":55}
{"measuredt":"20180525153502.720643","controller":"Arduino","sensor":"SOUND","uptime":169564,"decb":281}
{"measuredt":"20180525153502.735640","controller":"Arduino","sensor":"DHT","uptime":169567,"temp":15,"humi":29}
{"measuredt":"20180525153502.749641","controller":"Arduino","sensor":"MPU","uptime":169570,"gyx":-0.007634,"gyy":-0.007634,"gyz":-0.007634,"acx":4,"acy":19,"acz":93}
{"measuredt":"20180525153502.790641","controller":"Arduino","sensor":"SOUND","uptime":169575,"decb":281}
{"measuredt":"20180525153502.811644","controller":"Arduino","sensor":"DHT","uptime":169578,"temp":14,"humi":34}
{"measuredt":"20180525153502.835644","controller":"Arduino","sensor":"MPU","uptime":169581,"gyx":-0.007634,"gyy":-0.007634,"gyz":-0.007634,"acx":24,"acy":96,"acz":84}
{"measuredt":"20180525153502.857645","controller":"Arduino","sensor":"SOUND","uptime":169585,"decb":281}
{"measuredt":"20180525153502.882640","controller":"Arduino","sensor":"DHT","uptime":169588,"temp":21,"humi":45}
{"measuredt":"20180525153502.900641","controller":"Arduino","sensor":"MPU","uptime":169591,"gyx":-0.007634,"gyy":-0.007634,"gyz":-0.007634,"acx":19,"acy":53,"acz":52}
{"measuredt":"20180525153502.924640","controller":"Arduino","sensor":"SOUND","uptime":169596,"decb":281}
{"measuredt":"20180525153502.950640","controller":"Arduino","sensor":"DHT","uptime":169600,"temp":17,"humi":36}
{"measuredt":"20180525153502.968642","controller":"Arduino","sensor":"MPU","uptime":169603,"gyx":-0.007634,"gyy":-0.007634,"gyz":-0.007634,"acx":84,"acy":70,"acz":16}
{"measuredt":"20180525153502.999644","controller":"Arduino","sensor":"SOUND","uptime":169607,"decb":281}
{"measuredt":"20180525153503.021644","controller":"Arduino","sensor":"DHT","uptime":169610,"temp":15,"humi":55}
{"measuredt":"20180525153503.055641","controller":"Arduino","sensor":"MPU","uptime":169613,"gyx":-0.007634,"gyy":-0.007634,"gyz":-0.007634,"acx":18,"acy":58,"acz":41}
{"measuredt":"20180525153503.091642","controller":"Arduino","sensor":"SOUND","uptime":169618,"decb":281}
{"measuredt":"20180525153503.114642","controller":"Arduino","sensor":"DHT","uptime":169621,"temp":30,"humi":51}
{"measuredt":"20180525153503.142641","controller":"Arduino","sensor":"MPU","uptime":169624,"gyx":-0.007634,"gyy":-0.007634,"gyz":-0.007634,"acx":58,"acy":71,"acz":54}
{"measuredt":"20180525153503.171643","controller":"Arduino","sensor":"SOUND","uptime":169628,"decb":281}
{"measuredt":"20180525153503.201640","controller":"Arduino","sensor":"DHT","uptime":169631,"temp":35,"humi":13}
{"measuredt":"20180525153503.215643","controller":"Arduino","sensor":"MPU","uptime":169634,"gyx":-0.007634,"gyy":-0.007634,"gyz":-0.007634,"acx":31,"acy":83,"acz":15}
{"measuredt":"20180525153503.237641","controller":"Arduino","sensor":"SOUND","uptime":169639,"decb":281}
{"measuredt":"20180525153503.260661","controller":"Arduino","sensor":"DHT","uptime":169643,"temp":26,"humi":57}
{"measuredt":"20180525153503.282638","controller":"Arduino","sensor":"MPU","uptime":169646,"gyx":-0.007634,"gyy":-0.007634,"gyz":-0.007634,"acx":4,"acy":56,"acz":97}
{"measuredt":"20180525153503.304639","controller":"Arduino","sensor":"SOUND","uptime":169650,"decb":281}
{"measuredt":"20180525153503.319636","controller":"Arduino","sensor":"DHT","uptime":169653,"temp":14,"humi":24}
{"measuredt":"20180525153503.333638","controller":"Arduino","sensor":"MPU","uptime":169656,"gyx":-0.007634,"gyy":-0.007634,"gyz":-0.007634,"acx":32,"acy":88,"acz":78}
{"measuredt":"20180525153503.349643","controller":"Arduino","sensor":"SOUND","uptime":169661,"decb":281}
{"measuredt":"20180525153503.363636","controller":"Arduino","sensor":"DHT","uptime":169664,"temp":21,"humi":15}
{"measuredt":"20180525153503.375638","controller":"Arduino","sensor":"MPU","uptime":169667,"gyx":-0.007634,"gyy":-0.007634,"gyz":-0.007634,"acx":27,"acy":7,"acz":94}
{"measuredt":"20180525153503.396644","controller":"Arduino","sensor":"SOUND","uptime":169671,"decb":281}
{"measuredt":"20180525153503.408640","controller":"Arduino","sensor":"DHT","uptime":169674,"temp":16,"humi":39}
{"measuredt":"20180525153503.433641","controller":"Arduino","sensor":"MPU","uptime":169677,"gyx":-0.007634,"gyy":-0.007634,"gyz":-0.007634,"acx":59,"acy":96,"acz":84}
{"measuredt":"20180525153503.449641","controller":"Arduino","sensor":"SOUND","uptime":169682,"decb":281}
{"measuredt":"20180525153503.459641","controller":"Arduino","sensor":"DHT","uptime":169686,"temp":17,"humi":18}
{"measuredt":"20180525153503.475640","controller":"Arduino","sensor":"MPU","uptime":169689,"gyx":-0.007634,"gyy":-0.007634,"gyz":-0.007634,"acx":75,"acy":11,"acz":86}
{"measuredt":"20180525153503.490638","controller":"Arduino","sensor":"SOUND","uptime":169694,"decb":281}
{"measuredt":"20180525153503.505641","controller":"Arduino","sensor":"DHT","uptime":169696,"temp":14,"humi":55}
{"measuredt":"20180525153503.520653","controller":"Arduino","sensor":"MPU","uptime":169699,"gyx":-0.007634,"gyy":-0.007634,"gyz":-0.007634,"acx":26,"acy":10,"acz":67}
{"measuredt":"20180525153503.534639","controller":"Arduino","sensor":"SOUND","uptime":169704,"decb":280}
{"measuredt":"20180525153503.554644","controller":"Arduino","sensor":"DHT","uptime":169707,"temp":28,"humi":23}
{"measuredt":"20180525153503.572655","controller":"Arduino","sensor":"MPU","uptime":169710,"gyx":-0.007634,"gyy":-0.007634,"gyz":-0.007634,"acx":60,"acy":62,"acz":18}
{"measuredt":"20180525153503.587638","controller":"Arduino","sensor":"SOUND","uptime":169715,"decb":280}
{"measuredt":"20180525153503.603639","controller":"Arduino","sensor":"DHT","uptime":169717,"temp":27,"humi":18}
{"measuredt":"20180525153503.619638","controller":"Arduino","ensor":"MPU","uptime":169721,"gyx":-0.007634,"gyy":-0.007634,"gyz":-0.007634,"acx":15,"acy":18,"acz":1}
{"measuredt":"20180525153503.639637","controller":"Arduino","sensor":"SOUND","uptime":169725,"decb":280}
{"measuredt":"20180525153503.656654","controller":"Arduino","sensor":"DHT","uptime":169729,"temp":35,"humi":59}
{"measuredt":"20180525153503.670639","controller":"Arduino","sensor":"MPU","uptime":169732,"gyx":-0.007634,"gyy":-0.007634,"gyz":-0.007634,"acx":59,"acy":38,"acz":17}
{"measuredt":"20180525153503.689642","controller":"Arduino","sensor":"SOUND","uptime":169737,"decb":280}
{"measuredt":"20180525153503.712664","controller":"Arduino","sensor":"DHT","uptime":169739,"temp":24,"humi":54}
{"measuredt":"20180525153503.739642","controller":"Arduino","sensor":"MPU","uptime":169743,"gyx":-0.007634,"gyy":-0.007634,"gyz":-0.007634,"acx":34,"acy":18,"acz":38}
{"measuredt":"20180525153503.768640","controller":"Arduino","sensor":"SOUND","uptime":169747,"decb":280}
{"measuredt":"20180525153503.793644","controller":"Arduino","sensor":"DHT","uptime":169750,"temp":34,"humi":36}
{"measuredt":"20180525153503.808639","controller":"Arduino","sensor":"MPU","uptime":169753,"gyx":-0.007634,"gyy":-0.007634,"gyz":-0.007634,"acx":21,"acy":37,"acz":88}
{"measuredt":"20180525153503.841641","controller":"Arduino","sensor":"SOUND","uptime":169758,"decb":280}
{"measuredt":"20180525153503.869638","controller":"Arduino","sensor":"DHT","uptime":169761,"temp":35,"humi":36}
{"measuredt":"20180525153503.884638","controller":"Arduino","sensor":"MPU","uptime":169764,"gyx":-0.007634,"gyy":-0.007634,"gyz":-0.007634,"acx":56,"acy":50,"acz":86}
{"measuredt":"20180525153503.898642","controller":"Arduino","sensor":"SOUND","uptime":169768,"decb":280}
{"measuredt":"20180525153503.911670","controller":"Arduino","sensor":"DHT","uptime":169772,"temp":19,"humi":56}
{"meauredt":"","controller":"Arduino","sensor":"MPU","uptime":169775,"gyx":-0.007634,"gyy":-0.007634,"gyz":-0.007634,"acx":51,"acy":26,"acz":1}
{"measuredt":"20180525153503.936638","controller":"Arduino","sensor":"SOUND","uptime":169780,"decb":280}
{"measuredt":"20180525153503.948642","controller":"Arduino","sensor":"DHT","uptime":169783,"temp":26,"humi":58}
{"measuredt":"20180525153503.963637","controller":"Arduino","sensor":"MPU","uptime":169786,"gyx":-0.007634,"gyy":-0.007634,"gyz":-0.007634,"acx":25,"acy":62,"acz":19}
{"measuredt":"20180525153503.975657","controller":"Arduino","sensor":"SOUND","uptime":169790,"decb":280}
{"measuredt":"20180525153503.988640","controller":"Arduino","sensor":"DHT","uptime":169793,"temp":33,"humi":55}
{"measuredt":"20180525153504.000639","controller":"Arduino","sensor":"MPU","uptime":169796,"gyx":-0.007634,"gyy":-0.007634,"gyz":-0.007634,"acx":36,"ac":45,"acz":50}
{"measuredt":"20180525153504.013637","controller":"Arduino","sensor":"SOUND","uptime":169801,"decb":281}
{"measuredt":"20180525153504.023640","controller":"Arduino","sensor":"DHT","uptime":169804,"temp":11,"humi":40}
{"measuredt":"20180525153504.039641","controller":"Arduino","sensor":"MPU","uptime":169807,"gyx":-0.007634,"gyy":-0.007634,"gyz":-0.007634,"acx":72,"acy":4,"acz":20}
{"measuredt":"20180525153504.065644","controller":"Arduino","sensor":"SOUND","uptime":169811,"decb":280}
{"measuredt":"20180525153504.083642","controller":"Arduino","sensor":"DHT","uptime":169815,"temp":11,"humi":25}
{"measuredt":"20180525153504.106641","controller":"Arduino","sensor":"MPU","uptime":169818,"gyx":-0.007634,"gyy":-0.007634,"gyz":-0.007634,"acx":21,"acy":70,"acz":55}
{"measuredt":"20180525153504.124641","controller":"Arduino","sensor":"SOUND","uptime":169823,"decb":280}
{"measuredt":"20180525153504.150653","controller":"Arduino","sensor":"DHT","uptime":169826,"temp":19,"humi":34}
{"measuredt":"20180525153504.171642","controller":"Arduino","sensor":"MPU","uptime":169829,"gyx":-0.007634,"gyy":-0.007634,"gyz":-0.007634,"acx":96,"acy":25,"acz":35}
{"measuredt":"20180525153504.204638","controller":"Arduino","sensor":"SOUND","uptime":169833,"decb":280}
{"measuredt":"20180525153504.218642","controller":"Arduino","sensor":"DHT","uptime":169836,"temp":18,"humi":33}
{"measuredt":"20180525153504.234636","controller":"Arduino","sensor":"MPU","uptime":169839,"gyx":-0.007634,"gyy":-0.007634,"gyz":-0.007634,"acx":38,"acy":90,"acz":6}
{"measuredt":"20180525153504.246643","controller":"Arduino","sensor":"SOUND","uptime":169844,"decb":280}
{"measuredt":"20180525153504.255640","controller":"Arduino","sensor":"DHT","uptime":169847,"temp":25,"humi":12}
{"measuredt":"20180525153504.268654","controller":"Arduino",sensor":"MPU","uptime":169850,"gyx":-0.007634,"gyy":-0.007634,"gyz":-0.007634,"acx":58,"acy":6,"acz":40}
{"measuredt":"20180525153504.279639","controller":"Arduino","sensor":"SOUND","uptime":169854,"decb":280}
{"measuredt":"20180525153504.290638","controller":"Arduino","sensor":"DHT","uptime":169858,"temp":11,"humi":49}
{"measuredt":"20180525153504.300642","controller":"Arduino","sensor":"MPU","uptime":169861,"gyx":-0.007634,"gyy":-0.007634,"gyz":-0.007634,"acx":13,"acy":78,"acz":95}
{"measuredt":"20180525153504.311641","controller":"Arduino","sensor":"SOUND","uptime":169866,"decb":280}
{"measuredt":"20180525153504.321640","controller":"Arduino","sensor":"DHT","uptime":169869,"temp":10,"humi":23}
{"measuredt":"20180525153504.335636","controller":"Arduino","sensor":"MPU","uptime":169872,"gyx":-0.007634,"gyy":-0.007634,"gyz":-0.007634,"acx":77,"acy":35,"acz":82}
{"measuredt":"20180525153504.348641","controller":"Arduino","sensor":"SOUND","uptime":169876,"decb":280}
{"measuredt":"20180525153504.359640","controller":"Arduino","sensor":"DHT","uptime":169879,"temp":34,"humi":15}
{"measuredt":"20180525153504.368638","controller":"Arduino","sensor":"MPU","uptime":169882,"gyx":-0.007634,"gyy":-0.007634,"gyz":-0.007634,"acx":91,"acy":15,"acz":12}
{"measuredt":"20180525153504.379655","controller":"Arduino","sensor":"SOUND","uptime":169887,"decb":280}
{"measuredt":"20180525153504.391638","controller":"Arduino","sensor":"DHT","uptime":169890,"temp":27,"humi":56}
{"measuredt":"20180525153504.404640","controller":"Arduino","sensor":"MPU","uptime":169893,"gyx":-0.007634,"gyy":-0.007634,"gyz":-0.007634,"acx":96,"acy":36,"acz":98}
{"measuredt":"20180525153504.432637","controller":"Arduino","sensor":"SOUND","uptime":169897,"decb":280}
{"measuredt":"20180525153504.449641","controller":"Arduino","sensor":"DHT","uptime":169901,"temp":26,"humi":57}
{"measuredt":"20180525153504.471641","controller":"Arduino","sensor":"MPU","uptime":169904,"gyx":-0.007634,"gyy":-0.007634,"gyz":-0.007634,"acx":74,"acy":50,"acz":51}
{"measuredt":"20180525153504.490650","controller":"Arduino","sensor":"SOUND","uptime":169909,"decb":280}
{"measuredt":"20180525153504.508638","controller":"Arduino","sensor":"DHT","uptime":169912,"temp":13,"humi":45}
{"measuredt":"20180525153504.532638","controller":"Arduino","sensor":"MPU","uptime":169915,"gyx":-0.007634,"gyy":-0.007634,"gyz":-0.007634,"acx":1,"acy":56,"acz":51}
{"measuredt":"20180525153504.543641","controller":"Arduino","sensor":"SOUND","uptime":169919,"decb":280}
{"measuredt":"20180525153504.554636","controller":"Arduino","sensor":"DHT","uptime":169922,"temp":27,"humi":13}
{"measuredt":"20180525153504.564639","controller":"Arduino","sensor":"MPU","uptime":169925,"gyx":-0.007634,"gyy":-0.007634,"gyz":-0.007634,"acx":14,"acy":5,"acz":30}
{"measuredt":"20180525153504.575653","controller":"Arduino","sensor":"SOUND","uptime":169930,"decb":280}
{"measuredt":"20180525153504.584638","controller":"Arduino","sensor":"DHT","uptime":169933,"temp":10,"humi":19}
{"measuredt":"20180525153504.594654","controller":"Arduino","sensor":"MPU","uptime":169936,"gyx":-0.007634,"gyy":-0.007634,"gyz":-0.007634,"acx":32,"acy":57,"acz":75}
{"measuredt":"20180525153504.605654","controller":"Arduino","sensor":"SOUND","uptime":169940,"decb":280}
{"measuredt":"20180525153504.614639","controller":"Arduino","sensor":"DHT","uptime":169944,"temp":38,"humi":36}
{"measuredt":"20180525153504.623655","controller":"Arduino","sensor":"MPU","uptime":169947,"gyx":-0.007634,"gyy":-0.007634,"gyz":-0.007634,"acx":95,"acy":29,"acz":45}
{"measuredt":"20180525153504.634654","controller":"Arduino","sensor":"SOUND","uptime":169952,"decb":280}
{"measuredt":"20180525153504.643638","controller":"Arduino","sensor":"DHT","uptime":169955,"temp":35,"humi":32}
{"measuredt":"20180525153504.652638","controller":"Arduino","sensor":"MPU","uptime":169958,"gyx":-0.007634,"gyy":-0.007634,"gyz":-0.007634,"acx":52,"acy":10,"acz":69}
{"measuredt":"20180525153504.663637","controller":"Arduino","sensor":"SOUND","uptime":169962,"decb":280}
{"measuredt":"20180525153504.672654","controller":"Arduino","sensor":"DHT","uptime":169965,"temp":10,"humi":47}
{"measuredt":"20180525153504.682641","controller":"Arduno","sensor":"MPU","uptime":169968,"gyx":-0.007634,"gyy":-0.007634,"gyz":-0.007634,"acx":89,"acy":77,"acz":72}
{"measuredt":"20180525153504.692643","controller":"Arduino","sensor":"SOUND","uptime":169973,"decb":280}
{"measuredt":"20180525153504.702692","controller":"Arduino","sensor":"DHT","uptime":169976,"temp":25,"humi":49}
{"measuredt":"20180525153504.712705","controller":"Arduino","sensor":"MPU","uptime":169979,"gyx":-0.007634,"gyy":-0.007634,"gyz":-0.007634,"acx":11,"acy":30,"acz":58}
{"measuredt":"20180525153504.723739","controller":"Arduino","sensor":"SOUND","uptime":169985,"decb":280}
{"measuredt":"20180525153504.732786","controller":"Arduino","sensor":"DHT","uptime":169987,"temp":10,"humi":42}
{"measuredt":"20180525153504.743596","controller":"Arduino","sensor":"MPU","uptime":169990,"gyx":-0.007634,"gyy":-0.007634,"gyz":-0.007634,"acx":93,"acy":45,"acz":64}
{"measuredt":"20180525153504.755525","controller":"Arduino","sensor":"SOUND","uptime":169995,"decb":280}
{"measuredt":"20180525153504.773530","controller":"Arduino","sensor":"DHT","uptime":169998,"temp":34,"humi":15}
{"measuredt":"20180525153504.792526","controller":"Arduino","sensor":"MPU","uptime":170001,"gyx":-0.007634,"gyy":-0.007634,"gyz":-0.007634,"acx":68,"acy":17,"acz":82}
{"measuredt":"20180525153504.818525","controller":"Arduino","sensor":"SOUND","uptime":170006,"decb":280}
{"measuredt":"20180525153504.843533","controller":"Arduino","sensor":"DHT","uptime":170008,"temp":10,"humi":14}
{"measuredt":"20180525153504.868530","controller":"Arduino","sensor":"MPU","uptime":170011,"gyx":-0.007634,"gyy":-0.007634,"gyz":-0.007634,"acx":99,"acy":82,"acz":37}
{"measuredt":"20180525153504.898524","controller":"Arduino","sensor":"SOUND","uptime":170016,"decb":280}
{"measuredt":"20180525153504.908540","controller":"Arduino","sensor":"DHT","uptime":170019,"temp":15,"humi":16}
{"measuredt":"20180525153504.922524","controller":"Arduino","sensor":"MPU","uptime":170022,"gyx":-0.007634,"gyy":-0.007634,"gyz":-0.007634,"acx":21,"acy":98,"acz":20}
{"measuredt":"20180525153504.933526","controller":"Arduino","sensor":"SOUND","uptime":170028,"decb":280}
{"measuredt":"20180525153504.942527","controller":"Arduino","sensor":"DHT","uptime":170030,"temp":22,"humi":30}
{"measuredt":"20180525153504.952523","controller":"Arduino","sensor":"MPU","uptime":170034,"gyx":-0.007634,"gyy":-0.007634,"gyz":-0.007634,"acx":63,"acy":25,"acz":85}
{"measuredt":"20180525153504.964539","controller":"Arduino","sensor":"SOUND","uptime":170038,"decb":279}
{"measuredt":"20180525153504.975540","controller":"Arduino","sensor":"DHT","uptime":170041,"temp":20,"humi":20}
{"measuredt":"20180525153504.985525","controller":"Arduino","sensor":"MPU","uptime":170044,"gyx":-0.007634,"gyy":-0.007634,"gyz":-0.007634,"acx":46,"acy":7,"acz":33}
{"measuredt":"20180525153504.996523","controller":"Arduino","sensor":"SOUND","uptime":170049,"decb":279}
{"measuredt":"20180525153505.005524","controller":"Arduino","sensor":"DHT","uptime":170051,"temp":38,"humi":13}
{"measuredt":"20180525153505.015539","controller":"Arduino","sensor":"MPU","uptime":170055,"gyx":-0.007634,"gyy":-0.007634,"gyz":-0.007634,"acx":39,"acy":12,"acz":25}
{"measuredt":"20180525153505.027539","controller":"Arduino","sensor":"SOUND","uptime":170059,"decb":279}
{"measuredt":"20180525153505.038523","controller":"Arduino","sensor":"DHT","uptime":170062,"temp":27,"humi":43}
{"measuredt":"20180525153505.049522","controller":"Arduino","sensor":"MPU","uptime":170065,"gyx":-0.007634,"gyy":-0.007634,"gyz":-0.007634,"acx":45,"acy":89,"acz":76}
{"measuredt":"20180525153505.060541","controller":"Arduino","sensor":"SOUND","uptime":170071,"decb":279}
{"measuredt":"20180525153505.070539","controller":"Arduino","sensor":"DHT","uptime":170074,"temp":23,"humi":44}
{"measuredt":"20180525153505.079524","controller":"Arduino","sensor":"MPU","uptime":170077,"gyx":-0.007634,"gyy":-0.007634,"gyz":-0.007634,"acx":83,"acy":55,"acz":84}
{"measuredt":"20180525153505.091524","controller":"Arduino","sensor":"SOUND","uptime":170081,"decb":279}
{"measuredt":"20180525153505.101525","controller":"Arduino","sensor":"DHT","uptime":170084,"temp":29,"humi":55}
{"measuredt":"20180525153505.111540","controller":"Arduino","sensor":"MPU","uptime":170087,"gyx":-0.007634,"gyy":-0.007634,"gyz":-0.007634,"acx":77,"acy":62,"acz":43}
{"measuredt":"20180525153505.122539","controller":"Arduino","sensor":"SOUND","uptime":170092,"decb":279}
{"measuredt":"20180525153505.133534","controller":"Arduino","sensor":"DHT","uptime":170095,"temp":32,"humi":42}
{"measuredt":"20180525153505.149528","controller":"Arduino","sensor":"MPU","uptime":170098,"gyx":-0.007634,"gyy":-0.007634,"gyz":-0.007634,"acx":84,"acy":87,"acz":28}
{"measuredt":"20180525153505.167529","controller":"Arduino","sensor":"SOUND","uptime":170102,"decb":279}
{"measuredt":"20180525153505.187554","controller":"Arduino","sensor":"DHT","uptime":170105,"temp":27,"humi":36}
{"measuredt":"20180525153505.201525","controller":"Arduino","sensor":"MPU","uptime":170108,"gyx":-0.007634,"gyy":-0.007634,"gyz":-0.007634,"acx":85,"acy":95,"acz":23}
{"measuredt":"20180525153505.219525","controller":"Arduino","sensor":"SOUND","uptime":170114,"decb":279}
{"measuredt":"20180525153505.237527","controller":"Arduino","sensor":"DHT","uptime":170117,"temp":37,"humi":16}
{"measuredt":"20180525153505.259523","controller":"Arduino","sensor":"MPU","uptime":170120,"gyx":-0.007634,"gyy":-0.007634,"gyz":-0.007634,"acx":20,"acy":93,"acz":8}
{"measuredt":"20180525153505.276534","controller":"Arduino","sensor":"SOUND","uptime":170124,"decb":279}
{"measuredt":"20180525153505.295548","controller":"Arduino","sensor":"DHT","uptime":170127,"temp":35,"humi":48}
{"measuredt":"20180525153505.307541","controller":"Arduino","sensor":"MPU","uptime":170130,"gyx":-0.007634,"gyy":-0.007634,"gyz":-0.007634,"acx":14,"acy":26,"acz":37}
{"measuredt":"20180525153505.319524","controller":"Arduino","sensor":"SOUND","uptime":170135,"decb":279}
{"measuredt":"20180525153505.329540","controller":"Arduino","sensor":"DHT","uptime":170138,"temp":35,"humi":10}
{"measuredt":"20180525153505.339540","controller":"Arduino","sensor":"MPU","uptime":170141,"gyx":-0.007634,"gyy":-0.007634,"gyz":-0.007634,"acx":99,"acy":7,"acz":73}
{"measuredt":"20180525153505.351539","controller":"Arduino","sensor":"SOUND","uptime":170145,"decb":279}
{"measuredt":"20180525153505.361540","controller":"Arduino","sensor":"DHT","uptime":170148,"temp":38,"humi":49}
{"measuredt":"20180525153505.371540","controller":"Arduino","sensor":"MPU","uptime":170151,"gyx":-0.007634,"gyy":-0.007634,"gyz":-0.007634,"acx":41,"acy":24,"acz":29}
{"measuredt":"20180525153505.382527","controller":"Arduino","sensor":"SOUND","uptime":170157,"decb":279}
{"measuredt":"20180525153505.392540","controller":"Arduino","sensor":"DHT","uptime":170160,"temp":15,"humi":28}
{"measuredt":"20180525153505.403539","controller":"Arduino","sensor":"MPU","uptime":170163,"gyx":-0.007634,"gyy":-0.007634,"gyz":-0.007634,"acx":42,"acy":75,"acz":4}
{"measuredt":"20180525153505.415542","controller":"Arduino","sensor":"SOUND","uptime":170167,"decb":279}
{"measuredt":"20180525153505.424526","controller":"Arduino","sensor":"DHT","uptime":170170,"temp":35,"humi":33}
{"measuredt":"20180525153505.434542","controller":"Arduino","sensor":"MPU","uptime":170173,"gyx":-0.007634,"gyy":-0.007634,"gyz":-0.007634,"acx":77,"acy":27,"acz":88}
{"measuredt":"20180525153505.447542","controller":"Arduino","sensor":"SOUND","uptime":170178,"decb":279}
{"measuredt":"20180525153505.457543","controller":"Arduino","sensor":"DHT","uptime":170181,"temp":39,"humi":59}
{"measuredt":"20180525153505.467527","controller":"Arduino","sensor":"MPU","uptime":170184,"gyx":-0.007634,"gyy":-0.007634,"gyz":-0.007634,"acx":39,"acy":83,"acz":9}
{"measuredt":"20180525153505.479527","controller":"Arduino","sensor":"SOUND","uptime":170188,"decb":279}
{"measuredt":"20180525153505.489541","controller":"Arduino","sensor":"DHT","uptime":170191,"temp":11,"humi":50}
{"measuredt":"20180525153505.499526","controller":"Arduino","sensor":"MPU","uptime":170194,"gyx":-0.007634,"gyy":-0.007634,"gyz":-0.007634,"acx":43,"acy":93,"acz":25}
{"measuredt":"20180525153505.511542","controller":"Arduino","sensor":"SOUND","uptime":170200,"decb":279}
{"measuredt":"20180525153505.521542","controller":"Arduino","sensor":"DHT","uptime":170203,"temp":32,"humi":27}
{"measuredt":"20180525153505.531543","controller":"Arduino","sensor":"MPU","uptime":170206,"gyx":-0.007634,"gyy":-0.007634,"gyz":-0.007634,"acx":66,"acy":42,"acz":67}
{"measuredt":"20180525153505.545528","controller":"Arduino","sensor":"SOUND","uptime":170210,"decb":279}
{"measuredt":"20180525153505.566524","controller":"Arduino","sensor":"DHT","uptime":170213,"temp":10,"humi":18}
{"measuredt":"20180525153505.583527","controller":"Arduino","sensor":"MPU","uptime":170216,"gyx":-0.007634,"gyy":-0.007634,"gyz":-0.007634,"acx":79,"acy":32,"acz":25}
{"measuredt":"20180525153505.616526","controller":"Arduino","sensor":"SOUND","uptime":170221,"decb":279}
{"measuredt":"20180525153505.635526","controller":"Arduino","sensor":"DHT","uptime":170224,"temp":31,"humi":38}
{"measuredt":"20180525153505.669544","controller":"Arduino","sensor":"MPU","uptime":170227,"gyx":-0.007634,"gyy":-0.007634,"gyz":-0.007634,"acx":41,"acy":36,"acz":21}
{"measuredt":"20180525153505.706549","controller":"Arduino","sensor":"SOUND","uptime":170231,"decb":279}
{"measuredt":"20180525153505.725525","controller":"Arduino","sensor":"DHT","uptime":170234,"temp":19,"humi":40}
{"measuredt":"20180525153505.738527","controller":"Arduino","sensor":"MPU","uptime":170237,"gyx":-0.007634,"gyy":-0.007634,"gyz":-0.007634,"acx":87,"acy":65,"acz":6}
{"measuredt":"20180525153505.754526","controller":"Arduino","sensor":"SOUND","uptime":170243,"decb":279}
{"measuredt":"20180525153505.770527","controller":"Arduino","sensor":"DHT","uptime":170246,"temp":19,"humi":44}
{"measuredt":"20180525153505.785526","controller":"Arduino","sensor":"MPU","uptime":170249,"gyx":-0.007634,"gyy":-0.007634,"gyz":-0.007634,"acx":82,"acy":3,"acz":39}
{"measuredt":"20180525153505.799526","controller":"Arduino","sensor":"SOUND","uptime":170253,"decb":279}
{"measuredt":"20180525153505.811524","controller":"Arduino","sensor":"DHT","uptime":170256,"temp":17,"humi":57}
{"measuredt":"20180525153505.824524","controller":"Arduino","sensor":"MPU","uptime":170259,"gyx":-0.007634,"gyy":-0.007634,"gyz":-0.007634,"acx":17,"acy":61,"acz":2}
{"measuredt":"20180525153505.839525","controller":"Arduino","sensor":"SOUND","uptime":170264,"decb":279}
{"measuredt":"20180525153505.851527","controller":"Arduino","sensor":"DHT","uptime":170267,"temp":24,"humi":58}
{"measuredt":"20180525153505.865524","controller":"Arduino","sensor":"MPU","uptime":170270,"gyx":-0.007634,"gyy":-0.007634,"gyz":-0.007634,"acx":37,"acy":61,"acz":98}
{"measuredt":"20180525153505.878523","controller":"Arduino","sensor":"SOUND","uptime":170274,"decb":279}
{"measuredt":"20180525153505.889523","controller":"Arduino","sensor":"DHT","uptime":170277,"temp":13,"humi":34}
73108,"decb":283}
{"measuredt":"20180525153505.908524","controller":"Arduino","sensor":"DHT","uptime":173111,"temp":19,"humi":25}
{"measuredt":"20180525153505.919540","controller":"Arduino","sensor":"MPU","uptime":173114,"gyx":-0.007634,"gyy":-0.007634,"gyz":-0.007634,"acx":41,"acy":49,"acz":75}
{"measuredt":"20180525153505.931540","controller":"Arduino","sensor":"SOUND","uptime":173119,"decb":283}
{"measuredt":"20180525153505.943555","controller":"Arduino","sensor":"DHT","uptime":173122,"temp":33,"humi":23}
{"measuredt":"20180525153505.955524","controller":"Arduino","sensor":"MPU","uptime":173125,"gyx":-0.007634,"gyy":-0.007634,"gyz":-0.007634,"acx":75,"acy":33,"acz":73}
{"measuredt":"20180525153505.970527","controller":"Arduino","sensor":"SOUND","uptime":173129,"decb":283}
{"measuredt":"20180525153505.988547","controller":"Arduino","sensor":"DHT","uptime":173132,"temp":25,"humi":25}
{"measuredt":"20180525153506.003523","controller":"Arduino","sensor":"MPU","uptime":173135,"gyx":-0.007634,"gyy":-0.007634,"gyz":-0.007634,"acx":57,"acy":64,"acz":26}
{"measuredt":"20180525153506.029569","controller":"Arduino","sensor":"SOUND","uptime":173140,"decb":283}
{"measuredt":"20180525153506.052522","controller":"Arduino","sensor":"DHT","uptime":173144,"temp":22,"humi":35}
{"measuredt":"20180525153506.075525","controller":"Arduino","sensor":"MPU","uptime":173147,"gyx":-0.007634,"gyy":-0.007634,"gyz":-0.007634,"acx":86,"acy":34,"acz":14}
{"measuredt":"20180525153506.103541","controller":"Arduino","sensor":"SOUND","uptime":173151,"decb":282}
{"measuredt":"20180525153506.118526","controller":"Arduino","sensor":"DHT","uptime":173154,"temp":17,"humi":16}
{"measuredt":"20180525153506.129527","controller":"Arduino","sensor":"MPU","uptime":173157,"gyx":-0.007634,"gyy":-0.007634,"gyz":-0.007634,"acx":68,"acy":2,"acz":13}
{"measuredt":"20180525153506.140525","controller":"Arduino","sensor":"SOUND","uptime":173162,"decb":282}
{"measuredt":"20180525153506.151523","controller":"Arduino","sensor":"DHT","uptime":173165,"temp":25,"humi":35}
{"measuredt":"20180525153506.161540","controller":"Arduino","sensor":"MPU","uptime":173168,"gyx":-0.007634,"gyy":-0.007634,"gyz":-0.007634,"acx":79,"acy":18,"acz":47}
{"measuredt":"20180525153506.172527","controller":"Arduino","sensor":"SOUND","uptime":173172,"decb":283}
{"measuredt":"20180525153506.185522","controller":"Arduino","sensor":"DHT","uptime":173175,"temp":20,"humi":50}
{"measuredt":"20180525153506.196536","controller":"Arduino","sensor":"MPU","uptime":173178,"gyx":-0.007634,"gyy":-0.007634,"gyz":-0.007634,"acx":19,"acy":47,"acz":32}
{"measuredt":"20180525153506.207574","controller":"Arduino","sensor":"SOUND","uptime":173184,"decb":282}
{"measuredt":"20180525153506.217609","controller":"Arduino","sensor":"DHT","uptime":173187,"temp":16,"humi":41}
{"measuredt":"20180525153506.228547","controller":"Arduino","sensor":"MPU","uptime":173190,"gyx":-0.007634,"gyy":-0.007634,"gyz":-0.007634,"acx":85,"acy":37,"acz":80}
{"measuredt":"20180525153506.240574","controller":"Arduino","sensor":"SOUND","uptime":173194,"decb":282}
{"measuredt":"20180525153506.251535","controller":"Arduino","sensor":"DHT","uptime":173197,"temp":25,"humi":26}
{"measuredt":"20180525153506.262528","controller":"Arduino","sensor":"MPU","uptime":173200,"gyx":-0.007634,"gyy":-0.007634,"gyz":-0.007634,"acx":31,"acy":99,"acz":87}
{"measuredt":"20180525153506.273563","controller":"Arduino","sensor":"SOUND","uptime":173205,"decb":282}
{"measuredt":"20180525153506.283564","controller":"Arduino","sensor":"DHT","uptime":173208,"temp":28,"humi":14}
{"measuredt":"20180525153506.295600","controller":"Arduino","sensor":"MPU","uptime":173211,"gyx":-0.007634,"gyy":-0.007634,"gyz":-0.007634,"acx":50,"acy":74,"acz":90}
{"measuredt":"20180525153506.307527","controller":"Arduino","sensor":"SOUND","uptime":173216,"decb":282}
{"measuredt":"20180525153506.318540","controller":"Arduino","sensor":"DHT","uptime":173218,"temp":32,"humi":40}
{"measuredt":"20180525153506.328599","controller":"Arduino","sensor":"MPU","uptime":173221,"gyx":-0.007634,"gyy":-0.007634,"gyz":-0.007634,"acx":35,"acy":31,"acz":28}
{"measuredt":"20180525153506.340529","controller":"Arduino","sensor":"SOUND","uptime":173227,"decb":282}
{"measuredt":"20180525153506.350523","controller":"Arduino","sensor":"DHT","uptime":173230,"temp":27,"humi":32}
{"measuredt":"20180525153506.362529","controller":"Arduino","sensor":"MPU","uptime":173233,"gyx":-0.007634,"gyy":-0.007634,"gyz":-0.007634,"acx":86,"acy":69,"acz":27}
{"measuredt":"20180525153506.381530","controller":"Arduino","sensor":"SOUND","uptime":173238,"decb":282}
{"measuredt":"20180525153506.395552","controller":"Arduino","sensor":"DHT","uptime":173240,"temp":35,"humi":58}
{"measuredt":"20180525153506.414537","controller":"Arduino","sensor":"MPU","uptime":173244,"gyx":-0.007634,"gyy":-0.007634,"gyz":-0.007634,"acx":21,"acy":70,"acz":10}
{"measuredt":"20180525153506.436525","controller":"Arduino","sensor":"SOUND","uptime":173248,"decb":282}
{"measuredt":"20180525153506.461583","controller":"Arduino","sensor":"DHT","uptime":173251,"temp":28,"humi":12}
{measuredt":"","controller":"Arduino","sensor":"MPU","uptime":173254,"gyx":-0.007634,"gyy":-0.007634,"gyz":-0.007634,"acx":93,"acy":3,"acz":69}
{"measuredt":"20180525153506.516539","controller":"Arduino","sensor":"SOUND","uptime":173259,"decb":282}
{"measuredt":"20180525153506.526530","controller":"Arduino","sensor":"DHT","uptime":173261,"temp":36,"humi":12}
{"measuredt":"20180525153506.540527","controller":"Arduino","snsor":"MPU","uptime":173265,"gyx":-0.007634,"gyy":-0.007634,"gyz":-0.007634,"acx":24,"acy":75,"acz":59}
{"measuredt":"20180525153506.554541","controller":"Arduino","sensor":"SOUND","uptime":173270,"decb":282}
{"measuredt":"20180525153506.565541","controller":"Arduino","sensor":"DHT","uptime":173273,"temp":12,"humi":21}
{"measuredt":"20180525153506.578523","controller":"Arduino","sensor":"MPU","uptime":173276,"gyx":-0.007634,"gyy":-0.007634,"gyz":-0.007634,"acx":81,"acy":23,"acz":82}
{"measuredt":"20180525153506.592524","controller":"Arduino","sensor":"SOUND","uptime":173281,"decb":282}
{"measuredt":"20180525153506.602524","controller":"Arduino","sensor":"DHT","uptime":173284,"temp":29,"humi":22}
{"measuredt":"20180525153506.613523","controller":"Arduino","sensor":"MPU","uptime":173287,"gyx":-0.007634,"gyy":-0.007634,"gyz":-0.007634,"acx":81,"acy":64,"acz":91}
{"measuredt":"20180525153506.625539","controller":"Arduino","sensor":"SOUND","uptime":173291,"decb":282}
{"measuredt":"20180525153506.636541","controller":"Arduino","sensor":"DHT","uptime":173294,"temp":28,"humi":27}
{"measuredt":"20180525153506.648526","controller":"Arduino","sensor":"MPU","uptime":173297,"gyx":-0.007634,"gyy":-0.007634,"gyz":-0.007634,"acx":50,"acy":70,"acz":4}
{"measuredt":"20180525153506.663525","controller":"Arduino","sensor":"SOUND","uptime":173302,"decb":282}
{"measuredt":"20180525153506.676529","controller":"Arduino","sensor":"DHT","uptime":173305,"temp":13,"humi":25}
{"measuredt":"20180525153506.689525","controller":"Arduino","sensor":"MPU","uptime":173308,"gyx":-0.007634,"gyy":-0.007634,"gyz":-0.007634,"acx":49,"acy":13,"acz":97}
{"measuredt":"20180525153506.703523","controller":"Arduino","sensor":"SOUND","uptime":173313,"decb":282}
{"measuredt":"20180525153506.715523","controller":"Arduino","sensor":"DHT","uptime":173316,"temp":28,"humi":54}
{"measuredt":"20180525153506.737523","controller":"Arduino","sensor":"MPU","uptime":173319,"gyx":-0.007634,"gyy":-0.007634,"gyz":-0.007634,"acx":41,"acy":16,"acz":38}
{"measuredt":"20180525153506.751524","controller":"Arduino","sensor":"SOUND","uptime":173324,"decb":282}
{"measuredt":"20180525153506.769530","controller":"Arduino","sensor":"DHT","uptime":173327,"temp":11,"humi":29}
{"measuredt":"20180525153506.788528","controller":"Arduino","sensor":"MPU","uptime":173330,"yx":-0.007634,"gyy":-0.007634,"gyz":-0.007634,"acx":86,"acy":52,"acz":50}
{"measuredt":"20180525153506.832593","controller":"Arduino","sensor":"SOUND","uptime":173334,"decb":282}
{"measuredt":"20180525153506.869529","controller":"Arduino","sensor":"DHT","uptime":173337,"temp":23,"humi":48}
{"measuredt":"20180525153506.899532","controller":"Arduino","sensor":"MPU","uptime":173340,"gyx":-0.007634,"gyy":-0.007634,"gyz":-0.007634,"acx":52,"acy":17,"acz":2}
{"measuredt":"20180525153506.929527","controller":"Arduino","sensor":"SOUND","uptime":173345,"decb":282}
{"measuredt":"20180525153506.957529","controller":"Arduino","sensor":"DHT","uptime":173348,"temp":28,"humi":35}
{"measuredt":"20180525153506.978526","controller":"Arduino","sensor":"MPU","uptime":173351,"gyx":-0.007634,"gyy":-0.007634,"gyz":-0.007634,"acx":30,"acy":64,"acz":37}
{"measuredt":"20180525153506.992526","controller":"Arduino","sensor":"SOUND","uptime":173356,"decb":282}
{"measuredt":"20180525153507.004527","controller":"Arduino","sensor":"DHT","uptime":173359,"temp":19,"humi":47}
{"measuredt":"20180525153507.016529","controller":"Arduino","sensor":"MPU","uptime":173362,"gyx":-0.007634,"gyy":-0.007634,"gyz":-0.007634,"acx":37,"acy":56,"acz":51}
{"measuredt":"20180525153507.033528","controller":"Arduino","sensor":"SOUND","uptime":173367,"decb":282}
{"measuredt":"20180525153507.046522","controller":"Arduino","sensor":"DHT","uptime":173370,"temp":25,"humi":38}
{"measuredt":"20180525153507.058523","controller":"Arduino","sensor":"MPU","uptime":173373,"gyx":-0.007634,"gyy":-0.007634,"gyz":-0.007634,"acx":2,"acy":55,"acz":92}
{"measuredt":"20180525153507.076527","controller":"Arduino","sensor":"SOUND","uptime":173377,"decb":282}
{"measuredt":"20180525153507.088525","controller":"Arduino","sensor":"DHT","uptime":173380,"temp":17,"humi":47}
{"measuredt":"20180525153507.099525","controller":"Arduino","sensor":"MPU","uptime":173383,"gyx":-0.007634,"gyy":-0.007634,"gyz":-0.007634,"acx":93,"acy":80,"acz":67}
{"measuredt":"20180525153507.119523","controller":"Arduino","sensor":"SOUND","uptime":173388,"decb":281}
{"measuredt":"20180525153507.131522","controller":"Arduino","sensor":"DHT","uptime":173391,"temp":15,"humi":25}
{"measuredt":"20180525153507.146526","controller":"Arduino","sensor":"MPU","uptime":173394,"gyx":-0.007634,"gyy":-0.007634,"gyz":-0.007634,"acx":69,"acy":62,"acz":37}
{"measuredt":"20180525153507.159528","controller":"Arduino","sensor":"SOUND","uptime":173399,"decb":281}
{"measuredt":"20180525153507.191524","controller":"Arduino","sensor":"DHT","uptime":173402,"temp":35,"humi":25}
{"measuredt":"20180525153507.213529","controller":"Arduino","sensor":"MPU","uptime":173405,"gyx":-0.007634,"gyy":-0.007634,"gyz":-0.007634,"acx":1,"acy":76,"acz":13}
{"measuredt":"20180525153507.244535","controller":"Arduino","sensor":"SOUND","uptime":173410,"decb":282}
{"measuredt":"20180525153507.275526","controller":"Arduino","sensor":"DHT","uptime":173413,"temp":34,"humi":52}
{"measuredt":"20180525153507.307525","controller":"Arduino","sensor":"MPU","uptime":173416,"gyx":-0.007634,"gyy":-0.007634,"gyz":-0.007634,"acx":81,"acy":57,"acz":3}
{"measuredt":"20180525153507.330524","controller":"Arduino","sensor":"SOUND","uptime":173420,"decb":282}
{"measuredt":"20180525153507.351528","controller":"Arduino","sensor":"DHT","uptime":173423,"temp":32,"humi":19}
{"measuredt":"20180525153507.368525","controller":"Arduino","sensor":"MPU","uptime":173426,"gyx":-0.007634,"gyy":-0.007634,"gyz":-0.007634,"acx":80,"acy":52,"acz":45}
{"measuredt":"20180525153507.391526","controller":"Arduino","sensor":"SOUND","uptime":173431,"decb":282}
{"measuredt":"20180525153507.402527","controller":"Arduino","sensor":"DHT","uptime":173434,"temp":30,"humi":32}
{"measuredt":"20180525153507.415541","controller":"Arduino","sensor":"MPU","uptime":173437,"gyx":-0.007634,"gyy":-0.007634,"gyz":-0.007634,"acx":11,"acy":35,"acz":20}
{"measuredt":"20180525153507.429541","controller":"Arduino","sensor":"SOUND","uptime":173442,"decb":282}
{"measuredt":"20180525153507.441525","controller":"Arduino","sensor":"DHT","uptime":173445,"temp":25,"humi":13}
{"measuredt":"20180525153507.453541","controller":"Arduino","sensor":"MPU","uptime":173448,"gyx":-0.007634,"gyy":-0.007634,"gyz":-0.007634,"acx":41,"acy":92,"acz":25}
{"measuredt":"20180525153507.466529","controller":"Arduino","sensor":"SOUND","uptime":173453,"decb":282}
{"measuredt":"20180525153507.478527","controller":"Arduino","sensor":"DHT","uptime":173456,"temp":34,"humi":23}
{"measuredt":"20180525153507.490544","controller":"Arduino","sensor":"MPU","uptime":173459,"gyx":-0.007634,"gyy":-0.007634,"gyz":-0.007634,"acx":44,"acy":97,"acz":7}
{"measuredt":"20180525153507.502549","controller":"Arduino","sensor":"SOUND","uptime":173463,"decb":282}
{"measuredt":"20180525153507.514547","controller":"Arduino","sensor":"DHT","uptime":173466,"temp":39,"humi":18}
{"measuredt":"20180525153507.527529","controller":"Arduino","sensor":"MPU","uptime":173469,"gyx":-0.007634,"gyy":-0.007634,"gyz":-0.007634,"acx":83,"acy":28,"acz":46}
{"measuredt":"20180525153507.540548","controller":"Arduino","sensor":"SOUND","uptime":173474,"decb":282}
{"measuredt":"20180525153507.551577","controller":"Arduino","sensor":"DHT","uptime":173477,"temp":33,"humi":24}
{"measuredt":"20180525153507.563576","controller":"Arduino","sensor":"MPU","uptime":173480,"gyx":-0.007634,"gyy":-0.007634,"gyz":-0.007634,"acx":16,"acy":92,"acz":33}
{"measuredt":"20180525153507.576529","controller":"Arduino","sensor":"SOUND","uptime":173486,"decb":282}
{"measuredt":"20180525153507.590521","controller":"Arduino","sensor":"DHT","uptime":173488,"temp":17,"humi":58}
{"measuredt":"20180525153507.603544","controller":"Arduino","sensor":"MPU","uptime":173491,"gyx":-0.007634,"gyy":-0.007634,"gyz":-0.007634,"acx":20,"acy":47,"acz":92}
{"measuredt":"20180525153507.616575","controller":"Arduino","sensor":"SOUND","uptime":173496,"decb":282}
{"measuredt":"20180525153507.629575","controller":"Arduino","sensor":"DHT","uptime":173499,"temp":23,"humi":42}
{"measuredt":"20180525153507.640547","controller":"Arduino","sensor":"MPU","uptime":173502,"gyx":-0.007634,"gyy":-0.007634,"gyz":-0.007634,"acx":21,"acy":61,"acz":42}
{"measuredt":"20180525153507.653576","controller":"Arduino","sensor":"SOUND","uptime":173507,"decb":282}
{"measuredt":"20180525153507.665544","controller":"Arduino","sensor":"DHT","uptime":173509,"temp":36,"humi":45}
{"measuredt":"20180525153507.677544","controller":"Arduino","sensor":"MPU","uptime":173512,"gyx":-0.007634,"gyy":-0.007634,"gyz":-0.007634,"acx":7,"acy":71,"acz":95}
{"measuredt":"20180525153507.690529","controller":"Arduino","sensor":"SOUND","uptime":173517,"decb":281}
{"measuredt":"20180525153507.701575","controller":"Arduino","sensor":"DHT","uptime":173520,"temp":17,"humi":55}
{"measuredt":"20180525153507.712578","controller":"Arduino","sensor":"MPU","uptime":173523,"gyx":-0.007634,"gyy":-0.007634,"gyz":-0.007634,"acx":31,"acy":45,"acz":31}
{"measuredt":"20180525153507.725543","controller":"Arduino","sensor":"SOUND","uptime":173529,"decb":281}
{"measuredt":"20180525153507.735577","controller":"Arduino","sensor":"DHT","uptime":173531,"temp":15,"humi":24}
{"measuredt":"20180525153507.753535","controller":"Arduino","sensor":"MPU","uptime":173534,"gyx":-0.007634,"gyy":-0.007634,"gyz":-0.007634,"acx":26,"acy":34,"acz":93}
{"measuredt":"20180525153507.775524","controller":"Arduino","sensor":"SOUND","uptime":173539,"decb":281}
{"measuredt":"20180525153507.792522","controller":"Arduino","sensor":"DHT","uptime":173542,"temp":26,"humi":43}
{"measuredt":"20180525153507.804528","controller":"Arduino","sensor":"MPU","uptime":173545,"gyx":-0.007634,"gyy":-0.007634,"gyz":-0.007634,"acx":15,"acy":77,"acz":23}
{"measuredt":"20180525153507.817528","controller":"Arduino","sensor":"SOUND","uptime":173550,"decb":281}
{"measuredt":"20180525153507.829527","controller":"Arduino","sensor":"DHT","uptime":173552,"temp":24,"humi":46}
{"measuredt":"20180525153507.855526","controller":"Arduino","sensor":"MPU","uptime":173556,"gyx":-0.007634,"gyy":-0.007634,"gyz":-0.007634,"acx":47,"acy":76,"acz":66}
{"measuredt":"20180525153507.887528","controller":"Arduino","sensor":"SOUND","uptime":173560,"decb":281}
{"measuredt":"20180525153507.921524","controller":"Arduino","sensor":"DHT","uptime":173563,"temp":31,"humi":13}
{"measuredt":"20180525153507.941524","controller":"Arduino","sensor":"MPU","uptime":173566,"gyx":-0.007634,"gyy":-0.007634,"gyz":-0.007634,"acx":95,"acy":8,"acz":26}
{"measuredt":"20180525153507.957540","controller":"Arduino","sensor":"SOUND","uptime":173572,"decb":281}
{"measuredt":"20180525153507.971540","controller":"Arduino","sensor":"DHT","uptime":173574,"temp":29,"humi":35}
{"measuredt":"20180525153507.985527","controller":"Arduino","sensor":"MPU","uptime":173578,"gyx":-0.007634,"gyy":-0.007634,"gyz":-0.007634,"acx":77,"acy":74,"acz":76}
{"measuredt":"20180525153507.999541","controller":"Arduino","sensor":"SOUND","uptime":173582,"decb":281}
{"measuredt":"20180525153508.009528","controller":"Arduino","sensor":"DHT","uptime":173585,"temp":19,"humi":58}
{"measuredt":"20180525153508.023540","controller":"Arduino","sensor":"MPU","uptime":173588,"gyx":-0.007634,"gyy":-0.007634,"gyz":-0.007634,"acx":21,"acy":93,"acz":19}
{"measuredt":"20180525153508.040523","controller":"Arduino","sensor":"SOUND","uptime":173593,"decb":281}
{"measuredt":"20180525153508.054540","controller":"Arduino","sensor":"DHT","uptime":173596,"temp":37,"humi":28}
{"measuredt":"20180525153508.069540","controller":"Arduino","sensor":"MPU","uptime":173599,"gyx":-0.007634,"gyy":-0.007634,"gyz":-0.007634,"acx":68,"acy":40,"acz":89}
{"measuredt":"20180525153508.084542","controller":"Arduino","sensor":"SOUND","uptime":173603,"decb":281}
{"measuredt":"20180525153508.099525","controller":"Arduino","sensor":"DHT","uptime":173606,"temp":11,"humi":30}
{"measuredt":"20180525153508.115564","controller":"Arduino","sensor":"MPU","uptime":173609,"gyx":-0.007634,"gyy":-0.007634,"gyz":-0.007634,"acx":55,"acy":70,"acz":65}
{"measuredt":"20180525153508.126527","controller":"Arduino","sensor":"SOUND","uptime":173615,"decb":281}
{"measuredt":"20180525153508.140540","controller":"Arduino","sensor":"DHT","uptime":173618,"temp":37,"humi":38}
{"measuredt":"20180525153508.154540","controller":"Arduino","sensor":"MPU","uptime":173621,"gyx":-0.007634,"gyy":-0.007634,"gyz":-0.007634,"acx":27,"acy":44,"acz":59}
{"measuredt":"20180525153508.169524","controller":"Arduino","sensor":"SOUND","uptime":173625,"decb":281}
{"measuredt":"20180525153508.184541","controller":"Arduino","sensor":"DHT","uptime":173628,"temp":20,"humi":13}
{"measuredt":"20180525153508.194543","controller":"Arduino","sensor":"MPU","uptime":173631,"gyx":-0.007634,"gyy":-0.007634,"gyz":-0.007634,"acx":54,"acy":30,"acz":29}
{"measuredt":"20180525153508.207523","controller":"Arduino","sensor":"SOUND","uptime":173636,"decb":281}
{"measuredt":"20180525153508.218541","controller":"Arduino","sensor":"DHT","uptime":173639,"temp":13,"humi":20}
{"measuredt":"20180525153508.230527","controller":"Arduino","sensor":"MPU","uptime":173642,"gyx":-0.007634,"gyy":-0.007634,"gyz":-0.007634,"acx":18,"acy":23,"acz":79}
{"measuredt":"20180525153508.249532","controller":"Arduino","sensor":"SOUND","uptime":173646,"decb":281}
{"measuredt":"20180525153508.272524","controller":"Arduino","sensor":"DHT","uptime":173649,"temp":37,"humi":15}
{"measuredt":"20180525153508.286524","controller":"Arduino","sensor":"MPU","uptime":173652,"gyx":-0.007634,"gyy":-0.007634,"gyz":-0.007634,"acx":40,"acy":32,"acz":71}
{"measuredt":"20180525153508.302541","controller":"Arduino","sensor":"SOUND","uptime":173658,"decb":281}
{"measuredt":"20180525153508.316539","controller":"Arduino","sensor":"DHT","uptime":173661,"temp":19,"humi":12}
{"measuredt":"20180525153508.325526","controller":"Arduino","sensor":"MPU","uptime":173664,"gyx":-0.007634,"gyy":-0.007634,"gyz":-0.007634,"acx":17,"acy":72,"acz":92}
{"measuredt":"20180525153508.339523","controller":"Arduino","sensor":"SOUND","uptime":173669,"decb":274}
{"measuredt":"20180525153508.351540","controller":"Arduino","sensor":"DHT","uptime":173671,"temp":14,"humi":17}
{"measuredt":"20180525153508.361578","controller":"Arduino","sensor":"MPU","uptime":173674,"gyx":-0.007634,"gyy":-0.007634,"gyz":-0.007634,"acx":52,"acy":33,"acz":32}
{"measuredt":"20180525153508.374527","controller":"Arduino","sensor":"SOUND","uptime":173679,"decb":281}
{"measuredt":"20180525153508.385524","controller":"Arduino","sensor":"DHT","uptime":173682,"temp":12,"humi":11}
{"measuredt":"20180525153508.398541","controller":"Arduino","sensor":"MPU","uptime":173685,"gyx":-0.007634,"gyy":-0.007634,"gyz":-0.007634,"acx":25,"acy":32,"acz":96}
{"measuredt":"20180525153508.409567","controller":"Arduino","sensor":"SOUND","uptime":173690,"decb":280}
{"measuredt":"20180525153508.422524","controller":"Arduino","sensor":"DHT","uptime":173692,"temp":22,"humi":26}
{"measuredt":"20180525153508.434524","controller":"Arduino","sensor":"MPU","uptime":173697,"gyx":-0.007634,"gyy":-0.007634,"gyz":-0.007634,"acx":30,"acy":51,"acz":37}
{"measuredt":"20180525153508.447526","controller":"Arduino","sensor":"SOUND","uptime":173701,"decb":280}
{"measuredt":"20180525153508.456540","controller":"Arduino","sensor":"DHT","uptime":173704,"temp":23,"humi":17}
{"measuredt":"20180525153508.468541","controller":"Arduino","sensor":"MPU","uptime":173707,"gyx":-0.007634,"gyy":-0.007634,"gyz":-0.007634,"acx":19,"acy":1,"acz":99}
{"measuredt":"20180525153508.483539","controller":"Arduino","sensor":"SOUND","uptime":173712,"decb":280}
{"measuredt":"20180525153508.493529","controller":"Arduino","sensor":"DHT","uptime":173714,"temp":25,"humi":53}
{"measuredt":"20180525153508.505524","controller":"Arduino","sensor":"MPU","uptime":173718,"gyx":-0.007634,"gyy":-0.007634,"gyz":-0.007634,"acx":69,"acy":45,"acz":35}
{"measuredt":"20180525153508.519524","controller":"Arduino","sensor":"SOUND","uptime":173722,"decb":280}
{"measuredt":"20180525153508.532539","controller":"Arduino","sensor":"DHT","uptime":173725,"temp":26,"humi":27}
{"measuredt":"20180525153508.542523","controller":"Arduino","sensor":"MPU","uptime":173728,"gyx":-0.007634,"gyy":-0.007634,"gyz":-0.007634,"acx":94,"acy":10,"acz":89}
{"measuredt":"20180525153508.556539","controller":"Arduino","sensor":"SOUND","uptime":173733,"decb":281}
{"measuredt":"20180525153508.572525","controller":"Arduino","sensor":"DHT","uptime":173736,"temp":10,"humi":33}
{"measuredt":"20180525153508.590523","controller":"Arduino","sensor":"MPU","uptime":173740,"gyx":-0.007634,"gyy":-0.007634,"gyz":-0.007634,"acx":75,"acy":30,"acz":28}
{"measuredt":"20180525153508.616530","controller":"Arduino","sensor":"SOUND","uptime":173744,"decb":280}
{"measuredt":"20180525153508.637526","controller":"Arduino","sensor":"DHT","uptime":173747,"temp":29,"humi":13}
{"measuredt":"20180525153508.654527","controller":"Arduino","sensor":"MPU","uptime":173750,"gyx":-0.007634,"gyy":-0.007634,"gyz":-0.007634,"acx":72,"acy":31,"acz":48}
{"measuredt":"20180525153508.668527","controller":"Arduino","sensor":"SOUND","uptime":173755,"decb":280}
{"measuredt":"20180525153508.678523","controller":"Arduino","sensor":"DHT","uptime":173758,"temp":13,"humi":16}
{"measuredt":"20180525153508.688540","controller":"Arduino","sensor":"MPU","uptime":173761,"gyx":-0.007634,"gyy":-0.007634,"gyz":-0.007634,"acx":56,"acy":35,"acz":29}
{"measuredt":"20180525153508.699541","controller":"Arduino","sensor":"SOUND","uptime":173765,"decb":281}
{"measuredt":"20180525153508.708527","controller":"Arduino","sensor":"DHT","uptime":173768,"temp":15,"humi":33}
{"measuredt":"20180525153508.717541","controller":"Arduino","sensor":"MPU","uptime":173771,"gyx":-0.007634,"gyy":-0.007634,"gyz":-0.007634,"acx":91,"acy":50,"acz":41}
{"measuredt":"20180525153508.728525","controller":"Arduino","sensor":"SOUND","uptime":173776,"decb":280}
{"measuredt":"20180525153508.737541","controller":"Arduino","sensor":"DHT","uptime":173779,"temp":33,"humi":56}
{"measuredt":"20180525153508.749539","controller":"Arduino","sensor":"MPU","uptime":173783,"gyx":-0.007634,"gyy":-0.007634,"gyz":-0.007634,"acx":26,"acy":47,"acz":5}
{"measuredt":"20180525153508.760525","controller":"Arduino","sensor":"SOUND","uptime":173787,"decb":281}
{"measuredt":"20180525153508.772524","controller":"Arduino","sensor":"DHT","uptime":173790,"temp":39,"humi":41}
